Copyright 1986-2016 Xilinx, Inc. All Rights Reserved.
---------------------------------------------------------------------------------------------
| Tool Version : Vivado v.2016.2 (win64) Build 1577090 Thu Jun  2 16:32:40 MDT 2016
| Date         : Tue Jul 19 17:08:55 2016
| Host         : AUSLAB-749807 running 64-bit Service Pack 1  (build 7601)
| Command      : report_control_sets -verbose -file design_1_wrapper_control_sets_placed.rpt
| Design       : design_1_wrapper
| Device       : xc7z010
---------------------------------------------------------------------------------------------

Control Set Information

Table of Contents
-----------------
1. Summary
2. Flip-Flop Distribution
3. Detailed Control Set Information

1. Summary
----------

+----------------------------------------------------------+-------+
|                          Status                          | Count |
+----------------------------------------------------------+-------+
| Number of unique control sets                            |    57 |
| Unused register locations in slices containing registers |    55 |
+----------------------------------------------------------+-------+


2. Flip-Flop Distribution
-------------------------

+--------------+-----------------------+------------------------+-----------------+--------------+
| Clock Enable | Synchronous Set/Reset | Asynchronous Set/Reset | Total Registers | Total Slices |
+--------------+-----------------------+------------------------+-----------------+--------------+
| No           | No                    | No                     |             103 |           33 |
| No           | No                    | Yes                    |               0 |            0 |
| No           | Yes                   | No                     |              82 |           30 |
| Yes          | No                    | No                     |             298 |           75 |
| Yes          | No                    | Yes                    |               0 |            0 |
| Yes          | Yes                   | No                     |             278 |           82 |
+--------------+-----------------------+------------------------+-----------------+--------------+


3. Detailed Control Set Information
-----------------------------------

+-------------------------------------------------+----------------------------------------------------------------------------------------------------------------------------------------------------------------+-----------------------------------------------------------------------------------------------------------------------------------------------------------+------------------+----------------+
|                   Clock Signal                  |                                                                          Enable Signal                                                                         |                                                                      Set/Reset Signal                                                                     | Slice Load Count | Bel Load Count |
+-------------------------------------------------+----------------------------------------------------------------------------------------------------------------------------------------------------------------+-----------------------------------------------------------------------------------------------------------------------------------------------------------+------------------+----------------+
|  design_1_i/processing_system7_0/inst/FCLK_CLK0 | design_1_i/processing_system7_0_axi_periph/s00_couplers/auto_pc/inst/gen_axilite.gen_b2s_conv.axilite_b2s/WR.b_channel_0/bid_fifo_0/bresp_push                 |                                                                                                                                                           |                1 |              2 |
|  design_1_i/processing_system7_0/inst/FCLK_CLK0 |                                                                                                                                                                | design_1_i/rst_processing_system7_0_100M/U0/EXT_LPF/lpf_int                                                                                               |                3 |              4 |
|  design_1_i/processing_system7_0/inst/FCLK_CLK0 |                                                                                                                                                                | design_1_i/processing_system7_0_axi_periph/s00_couplers/auto_pc/inst/gen_axilite.gen_b2s_conv.axilite_b2s/SI_REG/ar_pipe/m_valid_i_reg_0                  |                4 |              4 |
|  design_1_i/processing_system7_0/inst/FCLK_CLK0 |                                                                                                                                                                | design_1_i/processing_system7_0_axi_periph/s00_couplers/auto_pc/inst/gen_axilite.gen_b2s_conv.axilite_b2s/SI_REG/aw_pipe/s_ready_i_reg_0                  |                4 |              4 |
|  design_1_i/processing_system7_0/inst/FCLK_CLK0 | design_1_i/processing_system7_0_axi_periph/s00_couplers/auto_pc/inst/gen_axilite.gen_b2s_conv.axilite_b2s/WR.aw_channel_0/aw_cmd_fsm_0/axlen_cnt_reg[3][0]     | design_1_i/processing_system7_0_axi_periph/s00_couplers/auto_pc/inst/gen_axilite.gen_b2s_conv.axilite_b2s/WR.aw_channel_0/aw_cmd_fsm_0/axlen_cnt_reg[7]_1 |                1 |              4 |
|  design_1_i/processing_system7_0/inst/FCLK_CLK0 | design_1_i/processing_system7_0_axi_periph/s00_couplers/auto_pc/inst/gen_axilite.gen_b2s_conv.axilite_b2s/RD.ar_channel_0/ar_cmd_fsm_0/axlen_cnt_reg[3][0]     | design_1_i/processing_system7_0_axi_periph/s00_couplers/auto_pc/inst/gen_axilite.gen_b2s_conv.axilite_b2s/RD.ar_channel_0/ar_cmd_fsm_0/axlen_cnt_reg[7]   |                2 |              4 |
|  design_1_i/processing_system7_0/inst/FCLK_CLK0 | design_1_i/rst_processing_system7_0_100M/U0/SEQ/seq_cnt_en                                                                                                     | design_1_i/rst_processing_system7_0_100M/U0/SEQ/SEQ_COUNTER/clear                                                                                         |                1 |              6 |
|  design_1_i/processing_system7_0/inst/FCLK_CLK0 | design_1_i/KNN_accelerator_0/inst/KNN_accelerator_v1_0_S00_AXI_inst/slv_reg1[23]_i_1_n_0                                                                       | design_1_i/KNN_accelerator_0/inst/KNN_accelerator_v1_0_S00_AXI_inst/knnTop/FIFO_SYNC_MACRO_inst/SR[0]                                                     |                1 |              8 |
|  design_1_i/processing_system7_0/inst/FCLK_CLK0 | design_1_i/KNN_accelerator_0/inst/KNN_accelerator_v1_0_S00_AXI_inst/slv_reg1[15]_i_1_n_0                                                                       | design_1_i/KNN_accelerator_0/inst/KNN_accelerator_v1_0_S00_AXI_inst/knnTop/FIFO_SYNC_MACRO_inst/SR[0]                                                     |                1 |              8 |
|  design_1_i/processing_system7_0/inst/FCLK_CLK0 | design_1_i/KNN_accelerator_0/inst/KNN_accelerator_v1_0_S00_AXI_inst/slv_reg3[15]_i_1_n_0                                                                       | design_1_i/KNN_accelerator_0/inst/KNN_accelerator_v1_0_S00_AXI_inst/knnTop/FIFO_SYNC_MACRO_inst/SR[0]                                                     |                2 |              8 |
|  design_1_i/processing_system7_0/inst/FCLK_CLK0 | design_1_i/KNN_accelerator_0/inst/KNN_accelerator_v1_0_S00_AXI_inst/slv_reg1[31]_i_1_n_0                                                                       | design_1_i/KNN_accelerator_0/inst/KNN_accelerator_v1_0_S00_AXI_inst/knnTop/FIFO_SYNC_MACRO_inst/SR[0]                                                     |                3 |              8 |
|  design_1_i/processing_system7_0/inst/FCLK_CLK0 | design_1_i/KNN_accelerator_0/inst/KNN_accelerator_v1_0_S00_AXI_inst/slv_reg1[7]_i_1_n_0                                                                        | design_1_i/KNN_accelerator_0/inst/KNN_accelerator_v1_0_S00_AXI_inst/knnTop/FIFO_SYNC_MACRO_inst/SR[0]                                                     |                1 |              8 |
|  design_1_i/processing_system7_0/inst/FCLK_CLK0 | design_1_i/KNN_accelerator_0/inst/KNN_accelerator_v1_0_S00_AXI_inst/slv_reg2[15]_i_1_n_0                                                                       | design_1_i/KNN_accelerator_0/inst/KNN_accelerator_v1_0_S00_AXI_inst/knnTop/FIFO_SYNC_MACRO_inst/SR[0]                                                     |                1 |              8 |
|  design_1_i/processing_system7_0/inst/FCLK_CLK0 | design_1_i/KNN_accelerator_0/inst/KNN_accelerator_v1_0_S00_AXI_inst/slv_reg2[23]_i_1_n_0                                                                       | design_1_i/KNN_accelerator_0/inst/KNN_accelerator_v1_0_S00_AXI_inst/knnTop/FIFO_SYNC_MACRO_inst/SR[0]                                                     |                2 |              8 |
|  design_1_i/processing_system7_0/inst/FCLK_CLK0 | design_1_i/KNN_accelerator_0/inst/KNN_accelerator_v1_0_S00_AXI_inst/slv_reg2[31]_i_1_n_0                                                                       | design_1_i/KNN_accelerator_0/inst/KNN_accelerator_v1_0_S00_AXI_inst/knnTop/FIFO_SYNC_MACRO_inst/SR[0]                                                     |                2 |              8 |
|  design_1_i/processing_system7_0/inst/FCLK_CLK0 | design_1_i/KNN_accelerator_0/inst/KNN_accelerator_v1_0_S00_AXI_inst/slv_reg2[7]_i_1_n_0                                                                        | design_1_i/KNN_accelerator_0/inst/KNN_accelerator_v1_0_S00_AXI_inst/knnTop/FIFO_SYNC_MACRO_inst/SR[0]                                                     |                2 |              8 |
|  design_1_i/processing_system7_0/inst/FCLK_CLK0 | design_1_i/KNN_accelerator_0/inst/KNN_accelerator_v1_0_S00_AXI_inst/slv_reg3[23]_i_1_n_0                                                                       | design_1_i/KNN_accelerator_0/inst/KNN_accelerator_v1_0_S00_AXI_inst/knnTop/FIFO_SYNC_MACRO_inst/SR[0]                                                     |                2 |              8 |
|  design_1_i/processing_system7_0/inst/FCLK_CLK0 | design_1_i/KNN_accelerator_0/inst/KNN_accelerator_v1_0_S00_AXI_inst/slv_reg3[31]_i_1_n_0                                                                       | design_1_i/KNN_accelerator_0/inst/KNN_accelerator_v1_0_S00_AXI_inst/knnTop/FIFO_SYNC_MACRO_inst/SR[0]                                                     |                4 |              8 |
|  design_1_i/processing_system7_0/inst/FCLK_CLK0 | design_1_i/KNN_accelerator_0/inst/KNN_accelerator_v1_0_S00_AXI_inst/slv_reg3[7]_i_1_n_0                                                                        | design_1_i/KNN_accelerator_0/inst/KNN_accelerator_v1_0_S00_AXI_inst/knnTop/FIFO_SYNC_MACRO_inst/SR[0]                                                     |                2 |              8 |
|  design_1_i/processing_system7_0/inst/FCLK_CLK0 | design_1_i/KNN_accelerator_0/inst/KNN_accelerator_v1_0_S00_AXI_inst/slv_reg4[15]_i_1_n_0                                                                       | design_1_i/KNN_accelerator_0/inst/KNN_accelerator_v1_0_S00_AXI_inst/knnTop/FIFO_SYNC_MACRO_inst/SR[0]                                                     |                2 |              8 |
|  design_1_i/processing_system7_0/inst/FCLK_CLK0 | design_1_i/KNN_accelerator_0/inst/KNN_accelerator_v1_0_S00_AXI_inst/slv_reg4[23]_i_1_n_0                                                                       | design_1_i/KNN_accelerator_0/inst/KNN_accelerator_v1_0_S00_AXI_inst/knnTop/FIFO_SYNC_MACRO_inst/SR[0]                                                     |                2 |              8 |
|  design_1_i/processing_system7_0/inst/FCLK_CLK0 | design_1_i/KNN_accelerator_0/inst/KNN_accelerator_v1_0_S00_AXI_inst/slv_reg4[31]_i_1_n_0                                                                       | design_1_i/KNN_accelerator_0/inst/KNN_accelerator_v1_0_S00_AXI_inst/knnTop/FIFO_SYNC_MACRO_inst/SR[0]                                                     |                2 |              8 |
|  design_1_i/processing_system7_0/inst/FCLK_CLK0 | design_1_i/KNN_accelerator_0/inst/KNN_accelerator_v1_0_S00_AXI_inst/slv_reg5[15]_i_1_n_0                                                                       | design_1_i/KNN_accelerator_0/inst/KNN_accelerator_v1_0_S00_AXI_inst/knnTop/FIFO_SYNC_MACRO_inst/SR[0]                                                     |                2 |              8 |
|  design_1_i/processing_system7_0/inst/FCLK_CLK0 | design_1_i/KNN_accelerator_0/inst/KNN_accelerator_v1_0_S00_AXI_inst/slv_reg5[23]_i_1_n_0                                                                       | design_1_i/KNN_accelerator_0/inst/KNN_accelerator_v1_0_S00_AXI_inst/knnTop/FIFO_SYNC_MACRO_inst/SR[0]                                                     |                2 |              8 |
|  design_1_i/processing_system7_0/inst/FCLK_CLK0 | design_1_i/KNN_accelerator_0/inst/KNN_accelerator_v1_0_S00_AXI_inst/slv_reg5[31]_i_1_n_0                                                                       | design_1_i/KNN_accelerator_0/inst/KNN_accelerator_v1_0_S00_AXI_inst/knnTop/FIFO_SYNC_MACRO_inst/SR[0]                                                     |                3 |              8 |
|  design_1_i/processing_system7_0/inst/FCLK_CLK0 | design_1_i/KNN_accelerator_0/inst/KNN_accelerator_v1_0_S00_AXI_inst/slv_reg5[7]_i_1_n_0                                                                        | design_1_i/KNN_accelerator_0/inst/KNN_accelerator_v1_0_S00_AXI_inst/knnTop/FIFO_SYNC_MACRO_inst/SR[0]                                                     |                2 |              8 |
|  design_1_i/processing_system7_0/inst/FCLK_CLK0 | design_1_i/KNN_accelerator_0/inst/KNN_accelerator_v1_0_S00_AXI_inst/slv_reg6[15]_i_1_n_0                                                                       | design_1_i/KNN_accelerator_0/inst/KNN_accelerator_v1_0_S00_AXI_inst/knnTop/FIFO_SYNC_MACRO_inst/SR[0]                                                     |                1 |              8 |
|  design_1_i/processing_system7_0/inst/FCLK_CLK0 | design_1_i/KNN_accelerator_0/inst/KNN_accelerator_v1_0_S00_AXI_inst/slv_reg6[23]_i_1_n_0                                                                       | design_1_i/KNN_accelerator_0/inst/KNN_accelerator_v1_0_S00_AXI_inst/knnTop/FIFO_SYNC_MACRO_inst/SR[0]                                                     |                2 |              8 |
|  design_1_i/processing_system7_0/inst/FCLK_CLK0 | design_1_i/KNN_accelerator_0/inst/KNN_accelerator_v1_0_S00_AXI_inst/slv_reg4[7]_i_1_n_0                                                                        | design_1_i/KNN_accelerator_0/inst/KNN_accelerator_v1_0_S00_AXI_inst/knnTop/FIFO_SYNC_MACRO_inst/SR[0]                                                     |                2 |              8 |
|  design_1_i/processing_system7_0/inst/FCLK_CLK0 | design_1_i/KNN_accelerator_0/inst/KNN_accelerator_v1_0_S00_AXI_inst/slv_reg6[7]_i_1_n_0                                                                        | design_1_i/KNN_accelerator_0/inst/KNN_accelerator_v1_0_S00_AXI_inst/knnTop/FIFO_SYNC_MACRO_inst/SR[0]                                                     |                2 |              8 |
|  design_1_i/processing_system7_0/inst/FCLK_CLK0 | design_1_i/KNN_accelerator_0/inst/KNN_accelerator_v1_0_S00_AXI_inst/p_1_in[7]                                                                                  | design_1_i/KNN_accelerator_0/inst/KNN_accelerator_v1_0_S00_AXI_inst/knnTop/FIFO_SYNC_MACRO_inst/SR[0]                                                     |                4 |              8 |
|  design_1_i/processing_system7_0/inst/FCLK_CLK0 | design_1_i/KNN_accelerator_0/inst/KNN_accelerator_v1_0_S00_AXI_inst/p_1_in[15]                                                                                 | design_1_i/KNN_accelerator_0/inst/KNN_accelerator_v1_0_S00_AXI_inst/knnTop/FIFO_SYNC_MACRO_inst/SR[0]                                                     |                1 |              8 |
|  design_1_i/processing_system7_0/inst/FCLK_CLK0 | design_1_i/KNN_accelerator_0/inst/KNN_accelerator_v1_0_S00_AXI_inst/p_1_in[23]                                                                                 | design_1_i/KNN_accelerator_0/inst/KNN_accelerator_v1_0_S00_AXI_inst/knnTop/FIFO_SYNC_MACRO_inst/SR[0]                                                     |                1 |              8 |
|  design_1_i/processing_system7_0/inst/FCLK_CLK0 | design_1_i/KNN_accelerator_0/inst/KNN_accelerator_v1_0_S00_AXI_inst/p_1_in[31]                                                                                 | design_1_i/KNN_accelerator_0/inst/KNN_accelerator_v1_0_S00_AXI_inst/knnTop/FIFO_SYNC_MACRO_inst/SR[0]                                                     |                2 |              8 |
|  design_1_i/processing_system7_0/inst/FCLK_CLK0 | design_1_i/KNN_accelerator_0/inst/KNN_accelerator_v1_0_S00_AXI_inst/slv_reg6[31]_i_1_n_0                                                                       | design_1_i/KNN_accelerator_0/inst/KNN_accelerator_v1_0_S00_AXI_inst/knnTop/FIFO_SYNC_MACRO_inst/SR[0]                                                     |                2 |              8 |
|  design_1_i/processing_system7_0/inst/FCLK_CLK0 | design_1_i/processing_system7_0_axi_periph/s00_couplers/auto_pc/inst/gen_axilite.gen_b2s_conv.axilite_b2s/RD.ar_channel_0/ar_cmd_fsm_0/axaddr_incr_reg[11]     |                                                                                                                                                           |                2 |              8 |
|  design_1_i/processing_system7_0/inst/FCLK_CLK0 | design_1_i/processing_system7_0_axi_periph/s00_couplers/auto_pc/inst/gen_axilite.gen_b2s_conv.axilite_b2s/RD.ar_channel_0/ar_cmd_fsm_0/E[0]                    |                                                                                                                                                           |                4 |              8 |
|  design_1_i/processing_system7_0/inst/FCLK_CLK0 | design_1_i/processing_system7_0_axi_periph/s00_couplers/auto_pc/inst/gen_axilite.gen_b2s_conv.axilite_b2s/WR.aw_channel_0/aw_cmd_fsm_0/axaddr_incr_reg[11]     |                                                                                                                                                           |                2 |              8 |
|  design_1_i/processing_system7_0/inst/FCLK_CLK0 | design_1_i/processing_system7_0_axi_periph/s00_couplers/auto_pc/inst/gen_axilite.gen_b2s_conv.axilite_b2s/WR.aw_channel_0/aw_cmd_fsm_0/E[0]                    |                                                                                                                                                           |                4 |              8 |
|  design_1_i/processing_system7_0/inst/FCLK_CLK0 | design_1_i/processing_system7_0_axi_periph/s00_couplers/auto_pc/inst/gen_axilite.gen_b2s_conv.axilite_b2s/WR.b_channel_0/mhandshake_r                          | design_1_i/processing_system7_0_axi_periph/s00_couplers/auto_pc/inst/gen_axilite.gen_b2s_conv.axilite_b2s/WR.b_channel_0/bid_fifo_0/SR[0]                 |                4 |              8 |
|  design_1_i/processing_system7_0/inst/FCLK_CLK0 |                                                                                                                                                                | design_1_i/KNN_accelerator_0/inst/KNN_accelerator_v1_0_S00_AXI_inst/knnTop/FIFO_SYNC_MACRO_inst/SR[0]                                                     |                5 |             11 |
|  design_1_i/processing_system7_0/inst/FCLK_CLK0 | design_1_i/processing_system7_0_axi_periph/s00_couplers/auto_pc/inst/gen_axilite.gen_b2s_conv.axilite_b2s/RD.r_channel_0/r_push_r                              |                                                                                                                                                           |                4 |             13 |
|  design_1_i/processing_system7_0/inst/FCLK_CLK0 | design_1_i/processing_system7_0_axi_periph/s00_couplers/auto_pc/inst/gen_axilite.gen_b2s_conv.axilite_b2s/SI_REG/b_pipe/p_1_in                                 |                                                                                                                                                           |                3 |             14 |
|  design_1_i/processing_system7_0/inst/FCLK_CLK0 | design_1_i/processing_system7_0_axi_periph/s00_couplers/auto_pc/inst/gen_axilite.gen_b2s_conv.axilite_b2s/SI_REG/b_pipe/skid_buffer_reg[0]_0                   |                                                                                                                                                           |                3 |             14 |
|  design_1_i/processing_system7_0/inst/FCLK_CLK0 | design_1_i/processing_system7_0_axi_periph/s00_couplers/auto_pc/inst/gen_axilite.gen_b2s_conv.axilite_b2s/RD.ar_channel_0/ar_cmd_fsm_0/axlen_cnt_reg[3][0]     |                                                                                                                                                           |                5 |             16 |
|  design_1_i/processing_system7_0/inst/FCLK_CLK0 | design_1_i/processing_system7_0_axi_periph/s00_couplers/auto_pc/inst/gen_axilite.gen_b2s_conv.axilite_b2s/WR.aw_channel_0/aw_cmd_fsm_0/axlen_cnt_reg[3][0]     |                                                                                                                                                           |                7 |             16 |
|  design_1_i/processing_system7_0/inst/FCLK_CLK0 | design_1_i/processing_system7_0_axi_periph/s00_couplers/auto_pc/inst/gen_axilite.gen_b2s_conv.axilite_b2s/WR.aw_channel_0/aw_cmd_fsm_0/axlen_cnt_reg[7]_2      |                                                                                                                                                           |                5 |             20 |
|  design_1_i/processing_system7_0/inst/FCLK_CLK0 | design_1_i/processing_system7_0_axi_periph/s00_couplers/auto_pc/inst/gen_axilite.gen_b2s_conv.axilite_b2s/RD.ar_channel_0/ar_cmd_fsm_0/m_payload_i_reg[0]_1[0] |                                                                                                                                                           |                8 |             28 |
|  design_1_i/processing_system7_0/inst/FCLK_CLK0 | design_1_i/processing_system7_0_axi_periph/s00_couplers/auto_pc/inst/gen_axilite.gen_b2s_conv.axilite_b2s/WR.aw_channel_0/aw_cmd_fsm_0/m_payload_i_reg[0][0]   |                                                                                                                                                           |                7 |             28 |
|  design_1_i/processing_system7_0/inst/FCLK_CLK0 | design_1_i/processing_system7_0_axi_periph/s00_couplers/auto_pc/inst/gen_axilite.gen_b2s_conv.axilite_b2s/SI_REG/ar_pipe/skid_buffer_reg[0]_0                  |                                                                                                                                                           |                7 |             28 |
|  design_1_i/processing_system7_0/inst/FCLK_CLK0 | design_1_i/processing_system7_0_axi_periph/s00_couplers/auto_pc/inst/gen_axilite.gen_b2s_conv.axilite_b2s/SI_REG/aw_pipe/skid_buffer_reg[0]_0                  |                                                                                                                                                           |                8 |             28 |
|  design_1_i/processing_system7_0/inst/FCLK_CLK0 | design_1_i/KNN_accelerator_0/inst/KNN_accelerator_v1_0_S00_AXI_inst/slv_reg_rden                                                                               | design_1_i/KNN_accelerator_0/inst/KNN_accelerator_v1_0_S00_AXI_inst/knnTop/FIFO_SYNC_MACRO_inst/SR[0]                                                     |               19 |             32 |
|  design_1_i/processing_system7_0/inst/FCLK_CLK0 | design_1_i/processing_system7_0_axi_periph/s00_couplers/auto_pc/inst/gen_axilite.gen_b2s_conv.axilite_b2s/RD.r_channel_0/rd_data_fifo_0/wr_en0                 |                                                                                                                                                           |               10 |             34 |
|  design_1_i/processing_system7_0/inst/FCLK_CLK0 | design_1_i/processing_system7_0_axi_periph/s00_couplers/auto_pc/inst/gen_axilite.gen_b2s_conv.axilite_b2s/SI_REG/r_pipe/p_1_in                                 |                                                                                                                                                           |                7 |             47 |
|  design_1_i/processing_system7_0/inst/FCLK_CLK0 | design_1_i/processing_system7_0_axi_periph/s00_couplers/auto_pc/inst/gen_axilite.gen_b2s_conv.axilite_b2s/SI_REG/r_pipe/skid_buffer_reg[0]_0                   |                                                                                                                                                           |                8 |             47 |
|  design_1_i/processing_system7_0/inst/FCLK_CLK0 |                                                                                                                                                                | design_1_i/processing_system7_0_axi_periph/s00_couplers/auto_pc/inst/gen_axilite.gen_b2s_conv.axilite_b2s/areset_d1                                       |               14 |             59 |
|  design_1_i/processing_system7_0/inst/FCLK_CLK0 |                                                                                                                                                                |                                                                                                                                                           |               34 |            104 |
+-------------------------------------------------+----------------------------------------------------------------------------------------------------------------------------------------------------------------+-----------------------------------------------------------------------------------------------------------------------------------------------------------+------------------+----------------+


